f:\учеба\ооп\5 лаба\5.2\5.2\debug\vc142.pdb
f:\учеба\ооп\5 лаба\5.2\5.2\debug\vc142.idb
f:\учеба\ооп\5 лаба\5.2\5.2\debug\list.obj
f:\учеба\ооп\5 лаба\5.2\5.2\debug\5.2.obj
f:\учеба\ооп\5 лаба\5.2\debug\5.2.pdb
f:\учеба\ооп\5 лаба\5.2\5.2\debug\5.2.tlog\cl.command.1.tlog
f:\учеба\ооп\5 лаба\5.2\5.2\debug\5.2.tlog\cl.read.1.tlog
f:\учеба\ооп\5 лаба\5.2\5.2\debug\5.2.tlog\cl.write.1.tlog
f:\учеба\ооп\5 лаба\5.2\5.2\debug\5.2.tlog\link-cvtres.read.1.tlog
f:\учеба\ооп\5 лаба\5.2\5.2\debug\5.2.tlog\link-cvtres.write.1.tlog
f:\учеба\ооп\5 лаба\5.2\5.2\debug\5.2.tlog\link-rc.read.1.tlog
f:\учеба\ооп\5 лаба\5.2\5.2\debug\5.2.tlog\link-rc.write.1.tlog
f:\учеба\ооп\5 лаба\5.2\5.2\debug\5.2.tlog\link.29676-cvtres.read.1.tlog
f:\учеба\ооп\5 лаба\5.2\5.2\debug\5.2.tlog\link.29676-cvtres.write.1.tlog
f:\учеба\ооп\5 лаба\5.2\5.2\debug\5.2.tlog\link.29676-rc.read.1.tlog
f:\учеба\ооп\5 лаба\5.2\5.2\debug\5.2.tlog\link.29676-rc.write.1.tlog
f:\учеба\ооп\5 лаба\5.2\5.2\debug\5.2.tlog\link.29676.read.1.tlog
f:\учеба\ооп\5 лаба\5.2\5.2\debug\5.2.tlog\link.29676.write.1.tlog
f:\учеба\ооп\5 лаба\5.2\5.2\debug\5.2.tlog\link.command.1.tlog
f:\учеба\ооп\5 лаба\5.2\5.2\debug\5.2.tlog\link.read.1.tlog
f:\учеба\ооп\5 лаба\5.2\5.2\debug\5.2.tlog\link.write.1.tlog
