  Graph.cpp
f:\учеба\програм лабы\конференция\graph\graph\graph.cpp(23): warning C4244: =: преобразование "double" в "int", возможна потеря данных
f:\учеба\програм лабы\конференция\graph\graph\graph.cpp(33): warning C4244: =: преобразование "double" в "int", возможна потеря данных
f:\учеба\програм лабы\конференция\graph\graph\graph.cpp(12): warning C4101: i: неиспользованная локальная переменная
f:\учеба\програм лабы\конференция\graph\graph\graph.cpp(52): warning C4244: =: преобразование "double" в "int", возможна потеря данных
f:\учеба\програм лабы\конференция\graph\graph\graph.cpp(62): warning C4244: =: преобразование "double" в "int", возможна потеря данных
f:\учеба\програм лабы\конференция\graph\graph\graph.cpp(41): warning C4101: l: неиспользованная локальная переменная
f:\учеба\програм лабы\конференция\graph\graph\graph.cpp(41): warning C4101: i: неиспользованная локальная переменная
f:\учеба\програм лабы\конференция\graph\graph\graph.cpp(41): warning C4101: u: неиспользованная локальная переменная
f:\учеба\програм лабы\конференция\graph\graph\graph.cpp(81): warning C4244: =: преобразование "double" в "int", возможна потеря данных
f:\учеба\програм лабы\конференция\graph\graph\graph.cpp(91): warning C4244: =: преобразование "double" в "int", возможна потеря данных
f:\учеба\програм лабы\конференция\graph\graph\graph.cpp(69): warning C4101: l: неиспользованная локальная переменная
f:\учеба\програм лабы\конференция\graph\graph\graph.cpp(69): warning C4101: i: неиспользованная локальная переменная
f:\учеба\програм лабы\конференция\graph\graph\graph.cpp(69): warning C4101: u: неиспользованная локальная переменная
f:\учеба\програм лабы\конференция\graph\graph\graph.cpp(109): warning C4244: =: преобразование "double" в "int", возможна потеря данных
f:\учеба\програм лабы\конференция\graph\graph\graph.cpp(119): warning C4244: =: преобразование "double" в "int", возможна потеря данных
f:\учеба\програм лабы\конференция\graph\graph\graph.cpp(98): warning C4101: l: неиспользованная локальная переменная
f:\учеба\програм лабы\конференция\graph\graph\graph.cpp(98): warning C4101: i: неиспользованная локальная переменная
f:\учеба\програм лабы\конференция\graph\graph\graph.cpp(98): warning C4101: u: неиспользованная локальная переменная
f:\учеба\програм лабы\конференция\graph\graph\graph.cpp(137): warning C4244: =: преобразование "double" в "int", возможна потеря данных
f:\учеба\програм лабы\конференция\graph\graph\graph.cpp(148): warning C4244: =: преобразование "double" в "int", возможна потеря данных
f:\учеба\програм лабы\конференция\graph\graph\graph.cpp(167): warning C4244: =: преобразование "double" в "int", возможна потеря данных
f:\учеба\програм лабы\конференция\graph\graph\graph.cpp(178): warning C4244: =: преобразование "double" в "int", возможна потеря данных
f:\учеба\програм лабы\конференция\graph\graph\graph.cpp(197): warning C4244: =: преобразование "double" в "int", возможна потеря данных
f:\учеба\програм лабы\конференция\graph\graph\graph.cpp(208): warning C4244: =: преобразование "double" в "int", возможна потеря данных
f:\учеба\програм лабы\конференция\graph\graph\graph.cpp(227): warning C4244: =: преобразование "double" в "int", возможна потеря данных
f:\учеба\програм лабы\конференция\graph\graph\graph.cpp(238): warning C4244: =: преобразование "double" в "int", возможна потеря данных
  Graph.vcxproj -> F:\Учеба\Програм лабы\Конференция\Graph\Debug\Graph.exe
