f:\учеба\ооп\3 лаба\3.1\3.1\debug\vc142.pdb
f:\учеба\ооп\3 лаба\3.1\3.1\debug\vc142.idb
f:\учеба\ооп\3 лаба\3.1\3.1\debug\3.1.obj
f:\учеба\ооп\3 лаба\3.1\debug\3.1.pdb
f:\учеба\ооп\3 лаба\3.1\3.1\debug\3.1.tlog\cl.command.1.tlog
f:\учеба\ооп\3 лаба\3.1\3.1\debug\3.1.tlog\cl.read.1.tlog
f:\учеба\ооп\3 лаба\3.1\3.1\debug\3.1.tlog\cl.write.1.tlog
f:\учеба\ооп\3 лаба\3.1\3.1\debug\3.1.tlog\link-cvtres.read.1.tlog
f:\учеба\ооп\3 лаба\3.1\3.1\debug\3.1.tlog\link-cvtres.write.1.tlog
f:\учеба\ооп\3 лаба\3.1\3.1\debug\3.1.tlog\link-rc.read.1.tlog
f:\учеба\ооп\3 лаба\3.1\3.1\debug\3.1.tlog\link-rc.write.1.tlog
f:\учеба\ооп\3 лаба\3.1\3.1\debug\3.1.tlog\link.12000-cvtres.read.1.tlog
f:\учеба\ооп\3 лаба\3.1\3.1\debug\3.1.tlog\link.12000-cvtres.write.1.tlog
f:\учеба\ооп\3 лаба\3.1\3.1\debug\3.1.tlog\link.12000-rc.read.1.tlog
f:\учеба\ооп\3 лаба\3.1\3.1\debug\3.1.tlog\link.12000-rc.write.1.tlog
f:\учеба\ооп\3 лаба\3.1\3.1\debug\3.1.tlog\link.12000.read.1.tlog
f:\учеба\ооп\3 лаба\3.1\3.1\debug\3.1.tlog\link.12000.write.1.tlog
f:\учеба\ооп\3 лаба\3.1\3.1\debug\3.1.tlog\link.command.1.tlog
f:\учеба\ооп\3 лаба\3.1\3.1\debug\3.1.tlog\link.read.1.tlog
f:\учеба\ооп\3 лаба\3.1\3.1\debug\3.1.tlog\link.write.1.tlog
